<?xml version="1.0" encoding="UTF-8"?>
<!-- Generated by org.testng.reporters.JUnitReportReporter -->
<testsuite skipped="0" hostname="LAPTOP-MPNT8J29" name="frameworktest.Test02_createlead" tests="2" failures="0" timestamp="2020-09-16T11:06:32 BST" time="14.646" errors="0">
  <testcase name="lgin" time="10.824" classname="frameworktest.Test02_createlead"/>
  <testcase name="crtled" time="3.822" classname="frameworktest.Test02_createlead"/>
</testsuite> <!-- frameworktest.Test02_createlead -->
