<?xml version="1.0" encoding="UTF-8"?>
<!-- Generated by org.testng.reporters.JUnitReportReporter -->
<testsuite skipped="0" hostname="LAPTOP-MPNT8J29" name="frameworkpractice.Tc004_Forecast" tests="4" failures="0" timestamp="2020-09-16T13:44:24 BST" time="17.384" errors="0">
  <testcase name="crtlead" time="3.770" classname="frameworkpractice.Tc004_Forecast"/>
  <testcase name="forcst" time="2.615" classname="frameworkpractice.Tc004_Forecast"/>
  <testcase name="login" time="10.965" classname="frameworkpractice.Tc004_Forecast"/>
  <testcase name="verify" time="0.034" classname="frameworkpractice.Tc004_Forecast"/>
</testsuite> <!-- frameworkpractice.Tc004_Forecast -->
