<?xml version="1.0" encoding="UTF-8"?>
<!-- Generated by org.testng.reporters.JUnitReportReporter -->
<testsuite skipped="0" hostname="LAPTOP-MPNT8J29" name="parameterTest.suubclas" tests="2" failures="0" timestamp="2020-10-22T22:41:08 BST" time="40.893" errors="0">
  <testcase name="sbbc" time="20.341" classname="parameterTest.suubclas"/>
  <testcase name="sbbc" time="20.552" classname="parameterTest.suubclas"/>
</testsuite> <!-- parameterTest.suubclas -->
