<?xml version="1.0" encoding="UTF-8"?>
<!-- Generated by org.testng.reporters.JUnitReportReporter -->
<testsuite skipped="0" hostname="LAPTOP-MPNT8J29" name="frameworkpractice.Tc003_verify" tests="3" failures="0" timestamp="2020-09-16T13:43:31 BST" time="16.073" errors="0">
  <testcase name="login" time="11.879" classname="frameworkpractice.Tc003_verify"/>
  <testcase name="crtlead" time="4.161" classname="frameworkpractice.Tc003_verify"/>
  <testcase name="verify" time="0.033" classname="frameworkpractice.Tc003_verify"/>
</testsuite> <!-- frameworkpractice.Tc003_verify -->
