<?xml version="1.0" encoding="UTF-8"?>
<!-- Generated by org.testng.reporters.JUnitReportReporter -->
<testsuite skipped="0" hostname="LAPTOP-MPNT8J29" name="frameworkpractice.Tc002_createlead" tests="2" failures="0" timestamp="2020-09-16T13:42:48 BST" time="18.281" errors="0">
  <testcase name="crtlead" time="6.812" classname="frameworkpractice.Tc002_createlead"/>
  <testcase name="login" time="11.469" classname="frameworkpractice.Tc002_createlead"/>
</testsuite> <!-- frameworkpractice.Tc002_createlead -->
