<?xml version="1.0" encoding="UTF-8"?>
<!-- Generated by org.testng.reporters.JUnitReportReporter -->
<testsuite skipped="0" hostname="LAPTOP-MPNT8J29" name="dataProvider.Subclass" tests="2" failures="0" timestamp="2020-09-16T11:01:11 BST" time="55.760" errors="0">
  <testcase name="subclass" time="31.343" classname="dataProvider.Subclass"/>
  <testcase name="subclass" time="24.417" classname="dataProvider.Subclass"/>
</testsuite> <!-- dataProvider.Subclass -->
