<?xml version="1.0" encoding="UTF-8"?>
<!-- Generated by org.testng.reporters.JUnitReportReporter -->
<testsuite skipped="0" hostname="LAPTOP-MPNT8J29" name="seleniumPractice.PrioriytyTest" tests="3" failures="0" timestamp="2020-09-16T14:12:38 BST" time="62.748" errors="0">
  <testcase name="confirmalert" time="18.667" classname="seleniumPractice.PrioriytyTest"/>
  <testcase name="createlead" time="16.707" classname="seleniumPractice.PrioriytyTest"/>
  <testcase name="editlead" time="27.374" classname="seleniumPractice.PrioriytyTest"/>
</testsuite> <!-- seleniumPractice.PrioriytyTest -->
