<?xml version="1.0" encoding="UTF-8"?>
<!-- Generated by org.testng.reporters.JUnitReportReporter -->
<testsuite skipped="0" hostname="LAPTOP-MPNT8J29" name="frameworktest.Test01_login" tests="1" failures="0" timestamp="2020-09-16T11:05:37 BST" time="13.436" errors="0">
  <testcase name="lgin" time="13.436" classname="frameworktest.Test01_login"/>
</testsuite> <!-- frameworktest.Test01_login -->
